<?xml version="1.0" encoding="UTF-8"?>
<!-- Generated by org.testng.reporters.JUnitReportReporter -->
<testsuite skipped="0" hostname="DESKTOP-QH08G25" name="com.test.TESTActitimeLogin" tests="1" failures="0" timestamp="10 Sep 2019 12:22:38 GMT" time="35.243" errors="0">
  <testcase name="login" time="35.243" classname="com.test.TESTActitimeLogin"/>
</testsuite> <!-- com.test.TESTActitimeLogin -->
